<?xml version="1.0" encoding="UTF-8"?>
<Site BuildName="Darwin-clang++"
	BuildStamp="20250904-1910-Experimental"
	Name="diaxosvid17.rad.rutgers.edu"
	Generator="ctest-3.31.2"
	CompilerName="/usr/bin/clang++"
	CompilerVersion="17.0.0.17000013"
	OSName="macOS"
	Hostname="diaxosvid17.rad.rutgers.edu"
	OSRelease="15.6"
	OSVersion="24G84"
	OSPlatform="arm64"
	Is64Bits="1"
	VendorString="Apple"
	VendorID="Apple"
	FamilyID="0"
	ModelID="0"
	ModelName="Apple M3"
	ProcessorCacheSize="131072"
	NumberOfLogicalCPU="8"
	NumberOfPhysicalCPU="8"
	TotalVirtualMemory="6144"
	TotalPhysicalMemory="16384"
	LogicalProcessorsPerPhysical="8"
	ProcessorClockFrequency="0"
	>
	<Testing>
		<StartDateTime>Sep 04 15:48 EDT</StartDateTime>
		<StartTestTime>1757015309</StartTestTime>
		<TestList/>
		<EndDateTime>Sep 04 15:48 EDT</EndDateTime>
		<EndTestTime>1757015309</EndTestTime>
		<ElapsedMinutes>0</ElapsedMinutes>
	</Testing>
</Site>
